<?xml version="1.0" encoding="UTF-8"?>
<testsuite xmlns:xsi="http://www.w3.org/2001/XMLSchema-instance" xsi:noNamespaceSchemaLocation="https://maven.apache.org/surefire/maven-surefire-plugin/xsd/surefire-test-report-3.0.xsd" version="3.0" name="org.example.StudentServiceTest" time="0.429" tests="7" errors="0" skipped="0" failures="0">
  <properties>
[...]
</properties>
  <testcase name="testSaveStudent_Success" classname="org.example.StudentServiceTest" time="0.103"/>
  <testcase name="testSaveStudent_nullName" classname="org.example.StudentServiceTest" time="0.132">
    <system-out><![CDATA[Entitatea nu este valida! 

]]></system-out>
  </testcase>
  <testcase name="testSaveStudent_emptyName" classname="org.example.StudentServiceTest" time="0.05">
    <system-out><![CDATA[Entitatea nu este valida! 

]]></system-out>
  </testcase>
  <testcase name="testSaveStudent_wrongGroup_aboveMax" classname="org.example.StudentServiceTest" time="0.025">
    <system-out><![CDATA[Entitatea nu este valida! 

]]></system-out>
  </testcase>
  <testcase name="testSaveStudent_wrongGroup_belowMin" classname="org.example.StudentServiceTest" time="0.022">
    <system-out><![CDATA[Entitatea nu este valida! 

]]></system-out>
  </testcase>
  <testcase name="testSaveStudent_emptyId" classname="org.example.StudentServiceTest" time="0.015">
    <system-out><![CDATA[Entitatea nu este valida! 

]]></system-out>
  </testcase>
  <testcase name="testSaveStudent_nullId" classname="org.example.StudentServiceTest" time="0.014">
    <system-out><![CDATA[Entitatea nu este valida! 

]]></system-out>
  </testcase>
</testsuite>